<?xml version="1.0" encoding="UTF-8"?>
<!-- Generated by org.testng.reporters.JUnitXMLReporter -->
<testsuite hostname="HIBAIL55565" ignored="0" name="CRM Application Tests" tests="4" failures="0" timestamp="03 Dec 2019 08:52:24 GMT" time="105.103" errors="0">
  <testcase name="checkForLoginPageTitleTest" time="0.054" classname="com.qa.tests.LoginPageTest"/>
  <testcase name="verifyHomePageTitleTest" time="0.059" classname="com.qa.tests.HomePageTest"/>
  <testcase name="verifyContactPageLabelTest" time="0.125" classname="com.qa.tests.ContactsPageTest"/>
  <testcase name="checkForSeleniumJobsLinkTest" time="0.229" classname="com.qa.tests.LoginPageTest"/>
</testsuite> <!-- CRM Application Tests -->
